<?xml version="1.0" encoding="UTF-8"?>
<testng-results ignored="0" total="3" passed="2" failed="1" skipped="0">
  <reporter-output>
  </reporter-output>
  <suite started-at="2018-04-18T10:37:09Z" name="Suite" finished-at="2018-04-18T10:37:33Z" duration-ms="23855">
    <groups>
    </groups>
    <test started-at="2018-04-18T10:37:09Z" name="Test" finished-at="2018-04-18T10:37:33Z" duration-ms="23855">
      <class name="com.OHRMS.testcasescripts.LoginPageTest">
        <test-method is-config="true" signature="setup()[pri:0, instance:com.OHRMS.testcasescripts.LoginPageTest@2638011]" started-at="2018-04-18T10:37:09Z" name="setup" finished-at="2018-04-18T10:37:19Z" duration-ms="9779" status="PASS">
          <reporter-output>
          </reporter-output>
        </test-method> <!-- setup -->
        <test-method signature="loginPageTitleTest()[pri:1, instance:com.OHRMS.testcasescripts.LoginPageTest@2638011]" started-at="2018-04-18T10:37:19Z" name="loginPageTitleTest" finished-at="2018-04-18T10:37:19Z" duration-ms="24" status="PASS">
          <reporter-output>
          </reporter-output>
        </test-method> <!-- loginPageTitleTest -->
        <test-method signature="LoginTest()[pri:2, instance:com.OHRMS.testcasescripts.LoginPageTest@2638011]" started-at="2018-04-18T10:37:33Z" name="LoginTest" finished-at="2018-04-18T10:37:33Z" duration-ms="21" status="FAIL">
          <exception class="org.openqa.selenium.NoSuchSessionException">
            <message>
              <![CDATA[Session ID is null. Using WebDriver after calling quit()?
Build info: version: '3.7.1', revision: '8a0099a', time: '2017-11-06T21:01:39.354Z'
System info: host: 'SUDHEER-PC', ip: '192.168.0.176', os.name: 'Windows 7', os.arch: 'amd64', os.version: '6.1', java.version: '9.0.4'
Driver info: driver.version: RemoteWebDriver]]>
            </message>
            <full-stacktrace>
              <![CDATA[org.openqa.selenium.NoSuchSessionException: Session ID is null. Using WebDriver after calling quit()?
Build info: version: '3.7.1', revision: '8a0099a', time: '2017-11-06T21:01:39.354Z'
System info: host: 'SUDHEER-PC', ip: '192.168.0.176', os.name: 'Windows 7', os.arch: 'amd64', os.version: '6.1', java.version: '9.0.4'
Driver info: driver.version: RemoteWebDriver
at org.openqa.selenium.remote.HttpCommandExecutor.execute(HttpCommandExecutor.java:131)
at org.openqa.selenium.remote.service.DriverCommandExecutor.execute(DriverCommandExecutor.java:83)
at org.openqa.selenium.remote.RemoteWebDriver.execute(RemoteWebDriver.java:600)
at org.openqa.selenium.remote.RemoteWebDriver.execute(RemoteWebDriver.java:657)
at org.openqa.selenium.remote.RemoteWebDriver.getScreenshotAs(RemoteWebDriver.java:342)
at com.OHRMS.baseclass.Baseclass.takescreenshot(Baseclass.java:69)
at com.OHRMS.testcasescripts.LoginPageTest.LoginTest(LoginPageTest.java:51)
at java.base/jdk.internal.reflect.NativeMethodAccessorImpl.invoke0(Native Method)
at java.base/jdk.internal.reflect.NativeMethodAccessorImpl.invoke(Unknown Source)
at java.base/jdk.internal.reflect.DelegatingMethodAccessorImpl.invoke(Unknown Source)
at java.base/java.lang.reflect.Method.invoke(Unknown Source)
at org.testng.internal.MethodInvocationHelper.invokeMethod(MethodInvocationHelper.java:124)
at org.testng.internal.Invoker.invokeMethod(Invoker.java:580)
at org.testng.internal.Invoker.invokeTestMethod(Invoker.java:716)
at org.testng.internal.Invoker.invokeTestMethods(Invoker.java:988)
at org.testng.internal.TestMethodWorker.invokeTestMethods(TestMethodWorker.java:125)
at org.testng.internal.TestMethodWorker.run(TestMethodWorker.java:109)
at org.testng.TestRunner.privateRun(TestRunner.java:648)
at org.testng.TestRunner.run(TestRunner.java:505)
at org.testng.SuiteRunner.runTest(SuiteRunner.java:455)
at org.testng.SuiteRunner.runSequentially(SuiteRunner.java:450)
at org.testng.SuiteRunner.privateRun(SuiteRunner.java:415)
at org.testng.SuiteRunner.run(SuiteRunner.java:364)
at org.testng.SuiteRunnerWorker.runSuite(SuiteRunnerWorker.java:52)
at org.testng.SuiteRunnerWorker.run(SuiteRunnerWorker.java:84)
at org.testng.TestNG.runSuitesSequentially(TestNG.java:1208)
at org.testng.TestNG.runSuitesLocally(TestNG.java:1137)
at org.testng.TestNG.runSuites(TestNG.java:1049)
at org.testng.TestNG.run(TestNG.java:1017)
at org.testng.remote.AbstractRemoteTestNG.run(AbstractRemoteTestNG.java:114)
at org.testng.remote.RemoteTestNG.initAndRun(RemoteTestNG.java:251)
at org.testng.remote.RemoteTestNG.main(RemoteTestNG.java:77)
]]>
            </full-stacktrace>
          </exception> <!-- org.openqa.selenium.NoSuchSessionException -->
          <reporter-output>
          </reporter-output>
        </test-method> <!-- LoginTest -->
        <test-method is-config="true" signature="teardown()[pri:0, instance:com.OHRMS.testcasescripts.LoginPageTest@2638011]" started-at="2018-04-18T10:37:33Z" name="teardown" finished-at="2018-04-18T10:37:33Z" duration-ms="0" status="PASS">
          <reporter-output>
          </reporter-output>
        </test-method> <!-- teardown -->
      </class> <!-- com.OHRMS.testcasescripts.LoginPageTest -->
      <class name="com.OHRMS.testcasescripts.HomePageTest">
        <test-method is-config="true" signature="setup()[pri:0, instance:com.OHRMS.testcasescripts.HomePageTest@6ff29830]" started-at="2018-04-18T10:37:19Z" name="setup" finished-at="2018-04-18T10:37:32Z" duration-ms="13380" status="PASS">
          <reporter-output>
          </reporter-output>
        </test-method> <!-- setup -->
        <test-method signature="verifyHomePageTitleTest()[pri:1, instance:com.OHRMS.testcasescripts.HomePageTest@6ff29830]" started-at="2018-04-18T10:37:32Z" name="verifyHomePageTitleTest" finished-at="2018-04-18T10:37:32Z" duration-ms="13" status="PASS">
          <reporter-output>
          </reporter-output>
        </test-method> <!-- verifyHomePageTitleTest -->
        <test-method is-config="true" signature="teardown()[pri:0, instance:com.OHRMS.testcasescripts.HomePageTest@6ff29830]" started-at="2018-04-18T10:37:32Z" name="teardown" finished-at="2018-04-18T10:37:33Z" duration-ms="587" status="PASS">
          <reporter-output>
          </reporter-output>
        </test-method> <!-- teardown -->
      </class> <!-- com.OHRMS.testcasescripts.HomePageTest -->
    </test> <!-- Test -->
  </suite> <!-- Suite -->
</testng-results>
